<?xml version="1.0" encoding="UTF-8"?>
<!-- Generated by org.testng.reporters.JUnitReportReporter -->
<testsuite skipped="0" hostname="Vadim" name="Lesson3" tests="5" failures="0" timestamp="2019-11-30T16:46:18 MSK" time="0.004" errors="0">
  <testcase name="Mobile777" time="0.001" classname="Lesson3"/>
  <testcase name="Mobile123" time="0.001" classname="Lesson3"/>
  <testcase name="MobileLogin" time="0.000" classname="Lesson3"/>
  <testcase name="WebLogin" time="0.001" classname="Lesson3"/>
  <testcase name="Mobile555" time="0.001" classname="Lesson3"/>
</testsuite> <!-- Lesson3 -->
