<?xml version="1.0" encoding="UTF-8"?>
<!-- Generated by org.testng.reporters.JUnitReportReporter -->
<testsuite skipped="0" hostname="Vadim" name="Lesson1" tests="4" failures="0" timestamp="2019-11-30T16:46:18 MSK" time="0.013" errors="0">
  <testcase name="SecondTest" time="0.001" classname="Lesson1"/>
  <testcase name="JustTest" time="0.008" classname="Lesson1"/>
  <testcase name="Demo" time="0.001" classname="Lesson1"/>
  <testcase name="ThirdTest" time="0.003" classname="Lesson1"/>
</testsuite> <!-- Lesson1 -->
