<?xml version="1.0" encoding="UTF-8"?>
<!-- Generated by org.testng.reporters.JUnitReportReporter -->
<testsuite skipped="0" hostname="Vadim" name="Lesson2" tests="4" failures="0" timestamp="2019-11-30T16:46:18 MSK" time="0.006" errors="0">
  <testcase name="Demo2" time="0.002" classname="Lesson2"/>
  <testcase name="MethodForDataprovider" time="0.001" classname="Lesson2"/>
  <testcase name="MethodForDataprovider" time="0.001" classname="Lesson2"/>
  <testcase name="MethodForDataprovider" time="0.002" classname="Lesson2"/>
</testsuite> <!-- Lesson2 -->
