<?xml version="1.0" encoding="UTF-8"?>
<!-- Generated by org.testng.reporters.JUnitReportReporter -->
<testsuite skipped="0" hostname="Vadim" name="MyFirstMavenProject.SeleniumTest" tests="2" failures="0" timestamp="2019-12-08T15:58:14 MSK" time="0.010" errors="0">
  <testcase name="Element" time="0.001" classname="MyFirstMavenProject.SeleniumTest"/>
  <testcase name="BrowserAutomation" time="0.009" classname="MyFirstMavenProject.SeleniumTest"/>
</testsuite> <!-- MyFirstMavenProject.SeleniumTest -->
