<?xml version="1.0" encoding="UTF-8"?>
<!-- Generated by org.testng.reporters.JUnitReportReporter -->
<testsuite skipped="0" hostname="Vadim" name="Practice.AppiumFramework.ApiDemoTest" tests="2" failures="0" timestamp="2020-01-22T06:25:59 MSK" time="53.582" errors="0">
  <testcase name="ApiDemo" time="26.925" classname="Practice.AppiumFramework.ApiDemoTest"/>
  <system-out/>
  <testcase name="ApiDemo" time="26.657" classname="Practice.AppiumFramework.ApiDemoTest"/>
  <system-out/>
</testsuite> <!-- Practice.AppiumFramework.ApiDemoTest -->
