<?xml version="1.0" encoding="UTF-8"?>
<!-- Generated by org.testng.reporters.JUnitReportReporter -->
<testsuite skipped="0" hostname="Vadim" name="Practice.AppiumFramework.Ecom_compareAmount" tests="1" failures="0" timestamp="26 дек 2019 18:59:30 GMT" time="33.300" errors="0">
  <testcase name="totalValidation" time="33.300" classname="Practice.AppiumFramework.Ecom_compareAmount"/>
</testsuite> <!-- Practice.AppiumFramework.Ecom_compareAmount -->
