<?xml version="1.0" encoding="UTF-8"?>
<!-- Generated by org.testng.reporters.JUnitReportReporter -->
<testsuite skipped="0" hostname="Vadim" name="Practice.AppiumFramework.Ecommerce_1" tests="1" failures="0" timestamp="2020-01-22T06:25:59 MSK" time="50.891" errors="0">
  <testcase name="Ecommerce1" time="50.891" classname="Practice.AppiumFramework.Ecommerce_1"/>
  <system-out/>
</testsuite> <!-- Practice.AppiumFramework.Ecommerce_1 -->
