<?xml version="1.0" encoding="UTF-8"?>
<!-- Generated by org.testng.reporters.JUnitReportReporter -->
<testsuite skipped="0" hostname="Vadim" name="MyFirstMavenProject.AppiumTest" tests="2" failures="0" timestamp="2019-12-08T17:47:04 MSK" time="0.000" errors="0">
  <testcase name="Appium" time="0.000" classname="MyFirstMavenProject.AppiumTest"/>
  <testcase name="AppiumRoad" time="0.000" classname="MyFirstMavenProject.AppiumTest"/>
</testsuite> <!-- MyFirstMavenProject.AppiumTest -->
