<?xml version="1.0" encoding="UTF-8"?>
<!-- Generated by org.testng.reporters.JUnitReportReporter -->
<testsuite skipped="0" hostname="Vadim" name="MyFirstMavenProject.RESTAPITest" tests="2" failures="0" timestamp="2019-12-08T17:47:18 MSK" time="0.000" errors="0">
  <testcase name="API123" time="0.000" classname="MyFirstMavenProject.RESTAPITest"/>
  <testcase name="REST" time="0.000" classname="MyFirstMavenProject.RESTAPITest"/>
</testsuite> <!-- MyFirstMavenProject.RESTAPITest -->
