<?xml version="1.0" encoding="UTF-8"?>
<!-- Generated by org.testng.reporters.JUnitReportReporter -->
<testsuite skipped="0" hostname="Vadim" name="Practice.AppiumFramework.ApiDemoTest" tests="2" failures="0" timestamp="2020-02-02T17:03:15 MSK" time="52.759" errors="0">
  <testcase name="ApiDemo" time="26.195" classname="Practice.AppiumFramework.ApiDemoTest"/>
  <system-out/>
  <testcase name="ApiDemo" time="26.564" classname="Practice.AppiumFramework.ApiDemoTest"/>
  <system-out/>
</testsuite> <!-- Practice.AppiumFramework.ApiDemoTest -->
